<?xml version="1.0" encoding="UTF-8"?>
<testng-results skipped="1" failed="0" total="2" passed="1">
  <reporter-output>
  </reporter-output>
  <suite name="Default suite" duration-ms="55832" started-at="2018-05-12T23:39:09Z" finished-at="2018-05-12T23:40:05Z">
    <groups>
    </groups>
    <test name="Default test" duration-ms="55832" started-at="2018-05-12T23:39:09Z" finished-at="2018-05-12T23:40:05Z">
      <class name="Wix.WixTest">
        <test-method status="PASS" signature="setUpBeforeClass()[pri:0, instance:Wix.WixTest@2cd91f]" name="setUpBeforeClass" is-config="true" duration-ms="4532" started-at="2018-05-13T02:39:09Z" finished-at="2018-05-13T02:39:14Z">
          <reporter-output>
          </reporter-output>
        </test-method> <!-- setUpBeforeClass -->
        <test-method status="PASS" signature="WixText()[pri:0, instance:Wix.WixTest@2cd91f]" name="WixText" duration-ms="51264" started-at="2018-05-13T02:39:14Z" finished-at="2018-05-13T02:40:05Z">
          <reporter-output>
          </reporter-output>
        </test-method> <!-- WixText -->
        <test-method status="SKIP" signature="waitForLoad(org.openqa.selenium.WebDriver)[pri:0, instance:Wix.WixTest@2cd91f]" name="waitForLoad" duration-ms="0" started-at="2018-05-13T02:40:05Z" finished-at="2018-05-13T02:40:05Z">
          <exception class="org.testng.TestNGException">
            <message>
              <![CDATA[
Method waitForLoad requires 1 parameters but 0 were supplied in the @Test annotation.]]>
            </message>
            <full-stacktrace>
              <![CDATA[org.testng.TestNGException: 
Method waitForLoad requires 1 parameters but 0 were supplied in the @Test annotation.
	at org.testng.internal.Parameters.checkParameterTypes(Parameters.java:191)
	at org.testng.internal.Parameters.createParameters(Parameters.java:127)
	at org.testng.internal.Parameters.createParameters(Parameters.java:376)
	at org.testng.internal.Parameters.handleParameters(Parameters.java:451)
	at org.testng.internal.Invoker.handleParameters(Invoker.java:1270)
	at org.testng.internal.Invoker.createParameters(Invoker.java:985)
	at org.testng.internal.Invoker.invokeTestMethods(Invoker.java:1075)
	at org.testng.internal.TestMethodWorker.invokeTestMethods(TestMethodWorker.java:125)
	at org.testng.internal.TestMethodWorker.run(TestMethodWorker.java:108)
	at org.testng.TestRunner.privateRun(TestRunner.java:774)
	at org.testng.TestRunner.run(TestRunner.java:624)
	at org.testng.SuiteRunner.runTest(SuiteRunner.java:359)
	at org.testng.SuiteRunner.runSequentially(SuiteRunner.java:354)
	at org.testng.SuiteRunner.privateRun(SuiteRunner.java:312)
	at org.testng.SuiteRunner.run(SuiteRunner.java:261)
	at org.testng.SuiteRunnerWorker.runSuite(SuiteRunnerWorker.java:52)
	at org.testng.SuiteRunnerWorker.run(SuiteRunnerWorker.java:86)
	at org.testng.TestNG.runSuitesSequentially(TestNG.java:1215)
	at org.testng.TestNG.runSuitesLocally(TestNG.java:1140)
	at org.testng.TestNG.run(TestNG.java:1048)
	at org.testng.remote.RemoteTestNG.run(RemoteTestNG.java:112)
	at org.testng.remote.RemoteTestNG.initAndRun(RemoteTestNG.java:205)
	at org.testng.remote.RemoteTestNG.main(RemoteTestNG.java:176)
]]>
            </full-stacktrace>
          </exception> <!-- org.testng.TestNGException -->
          <reporter-output>
          </reporter-output>
        </test-method> <!-- waitForLoad -->
      </class> <!-- Wix.WixTest -->
    </test> <!-- Default test -->
  </suite> <!-- Default suite -->
</testng-results>
